
  .   ____          _            __ _ _
 /\\ / ___'_ __ _ _(_)_ __  __ _ \ \ \ \
( ( )\___ | '_ | '_| | '_ \/ _` | \ \ \ \
 \\/  ___)| |_)| | | | | || (_| |  ) ) ) )
  '  |____| .__|_| |_|_| |_\__, | / / / /
 =========|_|==============|___/=/_/_/_/

 :: Spring Boot ::                (v4.0.0)

2025-11-25T12:34:42.877+05:30  INFO 73760 --- [COMMENT_SERVICE] [           main] c.c.CommentserviceApplication            : Starting CommentserviceApplication v0.0.1-SNAPSHOT using Java 21.0.9 with PID 73760 (/Users/govind/MyWork/Study Pack/Pixel clone /MicroServicesProject/commentservice/target/commentservice-0.0.1-SNAPSHOT.jar started by govind in /Users/govind/MyWork/Study Pack/Pixel clone /MicroServicesProject/commentservice)
2025-11-25T12:34:42.879+05:30  INFO 73760 --- [COMMENT_SERVICE] [           main] c.c.CommentserviceApplication            : No active profile set, falling back to 1 default profile: "default"
2025-11-25T12:34:43.237+05:30  INFO 73760 --- [COMMENT_SERVICE] [           main] o.s.cloud.context.scope.GenericScope     : BeanFactory id=0af6f849-9d38-34b9-931c-af5013d87ea6
2025-11-25T12:34:43.358+05:30  INFO 73760 --- [COMMENT_SERVICE] [           main] o.s.boot.tomcat.TomcatWebServer          : Tomcat initialized with port 8086 (http)
2025-11-25T12:34:43.365+05:30  INFO 73760 --- [COMMENT_SERVICE] [           main] o.apache.catalina.core.StandardService   : Starting service [Tomcat]
2025-11-25T12:34:43.365+05:30  INFO 73760 --- [COMMENT_SERVICE] [           main] o.apache.catalina.core.StandardEngine    : Starting Servlet engine: [Apache Tomcat/11.0.14]
2025-11-25T12:34:43.377+05:30  INFO 73760 --- [COMMENT_SERVICE] [           main] b.w.c.s.WebApplicationContextInitializer : Root WebApplicationContext: initialization completed in 471 ms
2025-11-25T12:34:43.729+05:30  INFO 73760 --- [COMMENT_SERVICE] [           main] DiscoveryClientOptionalArgsConfiguration : Eureka HTTP Client uses RestClient.
2025-11-25T12:34:43.748+05:30  WARN 73760 --- [COMMENT_SERVICE] [           main] iguration$LoadBalancerCaffeineWarnLogger : Spring Cloud LoadBalancer is currently working with the default cache. While this cache implementation is useful for development and tests, it's recommended to use Caffeine cache in production.You can switch to using Caffeine cache, by adding it and org.springframework.cache.caffeine.CaffeineCacheManager to the classpath.
2025-11-25T12:34:43.765+05:30  INFO 73760 --- [COMMENT_SERVICE] [           main] o.s.c.n.eureka.InstanceInfoFactory       : Setting initial instance status as: STARTING
2025-11-25T12:34:43.783+05:30  INFO 73760 --- [COMMENT_SERVICE] [           main] com.netflix.discovery.DiscoveryClient    : Initializing Eureka in region us-east-1
2025-11-25T12:34:43.786+05:30  INFO 73760 --- [COMMENT_SERVICE] [           main] c.n.d.s.r.aws.ConfigClusterResolver      : Resolving eureka endpoints via configuration
2025-11-25T12:34:43.792+05:30  INFO 73760 --- [COMMENT_SERVICE] [           main] com.netflix.discovery.DiscoveryClient    : Disable delta property : false
2025-11-25T12:34:43.792+05:30  INFO 73760 --- [COMMENT_SERVICE] [           main] com.netflix.discovery.DiscoveryClient    : Single vip registry refresh property : null
2025-11-25T12:34:43.792+05:30  INFO 73760 --- [COMMENT_SERVICE] [           main] com.netflix.discovery.DiscoveryClient    : Force full registry fetch : false
2025-11-25T12:34:43.792+05:30  INFO 73760 --- [COMMENT_SERVICE] [           main] com.netflix.discovery.DiscoveryClient    : Application is null : false
2025-11-25T12:34:43.792+05:30  INFO 73760 --- [COMMENT_SERVICE] [           main] com.netflix.discovery.DiscoveryClient    : Registered Applications size is zero : true
2025-11-25T12:34:43.792+05:30  INFO 73760 --- [COMMENT_SERVICE] [           main] com.netflix.discovery.DiscoveryClient    : Application version is -1: true
2025-11-25T12:34:43.792+05:30  INFO 73760 --- [COMMENT_SERVICE] [           main] com.netflix.discovery.DiscoveryClient    : Getting all instance registry info from the eureka server
2025-11-25T12:34:43.995+05:30  INFO 73760 --- [COMMENT_SERVICE] [           main] com.netflix.discovery.DiscoveryClient    : The response status is 200
2025-11-25T12:34:43.996+05:30  INFO 73760 --- [COMMENT_SERVICE] [           main] com.netflix.discovery.DiscoveryClient    : Starting heartbeat executor: renew interval is: 30
2025-11-25T12:34:43.997+05:30  INFO 73760 --- [COMMENT_SERVICE] [           main] c.n.discovery.InstanceInfoReplicator     : InstanceInfoReplicator onDemand update allowed rate per min is 4
2025-11-25T12:34:43.998+05:30  INFO 73760 --- [COMMENT_SERVICE] [           main] com.netflix.discovery.DiscoveryClient    : Discovery Client initialized at timestamp 1764054283998 with initial instances count: 6
2025-11-25T12:34:43.999+05:30  INFO 73760 --- [COMMENT_SERVICE] [           main] o.s.c.n.e.s.EurekaServiceRegistry        : Registering application COMMENT_SERVICE with eureka with status UP
2025-11-25T12:34:44.000+05:30  INFO 73760 --- [COMMENT_SERVICE] [           main] com.netflix.discovery.DiscoveryClient    : Saw local status change event StatusChangeEvent [timestamp=1764054284000, current=UP, previous=STARTING]
2025-11-25T12:34:44.000+05:30  INFO 73760 --- [COMMENT_SERVICE] [foReplicator-%d] com.netflix.discovery.DiscoveryClient    : DiscoveryClient_COMMENT_SERVICE/10.94.85.15:COMMENT_SERVICE:8086: registering service...
2025-11-25T12:34:44.003+05:30  INFO 73760 --- [COMMENT_SERVICE] [           main] o.s.c.n.e.s.EurekaServiceRegistry        : Unregistering application COMMENT_SERVICE with eureka with status DOWN
2025-11-25T12:34:44.003+05:30  INFO 73760 --- [COMMENT_SERVICE] [           main] com.netflix.discovery.DiscoveryClient    : Saw local status change event StatusChangeEvent [timestamp=1764054284003, current=DOWN, previous=UP]
2025-11-25T12:34:44.003+05:30  WARN 73760 --- [COMMENT_SERVICE] [           main] ConfigServletWebServerApplicationContext : Exception encountered during context initialization - cancelling refresh attempt: org.springframework.context.ApplicationContextException: Failed to start bean 'webServerStartStop'
2025-11-25T12:34:44.005+05:30  INFO 73760 --- [COMMENT_SERVICE] [           main] com.netflix.discovery.DiscoveryClient    : Shutting down DiscoveryClient ...
2025-11-25T12:34:44.020+05:30  INFO 73760 --- [COMMENT_SERVICE] [foReplicator-%d] com.netflix.discovery.DiscoveryClient    : DiscoveryClient_COMMENT_SERVICE/10.94.85.15:COMMENT_SERVICE:8086 - registration status: 204
2025-11-25T12:34:44.021+05:30  INFO 73760 --- [COMMENT_SERVICE] [foReplicator-%d] com.netflix.discovery.DiscoveryClient    : DiscoveryClient_COMMENT_SERVICE/10.94.85.15:COMMENT_SERVICE:8086: registering service...
2025-11-25T12:34:44.022+05:30  INFO 73760 --- [COMMENT_SERVICE] [foReplicator-%d] com.netflix.discovery.DiscoveryClient    : DiscoveryClient_COMMENT_SERVICE/10.94.85.15:COMMENT_SERVICE:8086 - registration status: 204
2025-11-25T12:34:44.022+05:30  INFO 73760 --- [COMMENT_SERVICE] [           main] com.netflix.discovery.DiscoveryClient    : Unregistering ...
2025-11-25T12:34:44.024+05:30  INFO 73760 --- [COMMENT_SERVICE] [           main] com.netflix.discovery.DiscoveryClient    : DiscoveryClient_COMMENT_SERVICE/10.94.85.15:COMMENT_SERVICE:8086 - deregister  status: 200
2025-11-25T12:34:44.024+05:30  INFO 73760 --- [COMMENT_SERVICE] [           main] com.netflix.discovery.DiscoveryClient    : Completed shut down of DiscoveryClient
2025-11-25T12:34:44.029+05:30  INFO 73760 --- [COMMENT_SERVICE] [           main] .s.b.a.l.ConditionEvaluationReportLogger : 

Error starting ApplicationContext. To display the condition evaluation report re-run your application with 'debug' enabled.
2025-11-25T12:34:44.035+05:30 ERROR 73760 --- [COMMENT_SERVICE] [           main] o.s.b.d.LoggingFailureAnalysisReporter   : 

***************************
APPLICATION FAILED TO START
***************************

Description:

Web server failed to start. Port 8086 was already in use.

Action:

Identify and stop the process that's listening on port 8086 or configure this application to listen on another port.

