
  .   ____          _            __ _ _
 /\\ / ___'_ __ _ _(_)_ __  __ _ \ \ \ \
( ( )\___ | '_ | '_| | '_ \/ _` | \ \ \ \
 \\/  ___)| |_)| | | | | || (_| |  ) ) ) )
  '  |____| .__|_| |_|_| |_\__, | / / / /
 =========|_|==============|___/=/_/_/_/
 :: Spring Boot ::               (v2.7.18)

2025-11-25 23:17:33.099  INFO 85762 --- [           main] com.api_gateway.ApiGatewayApplication    : Starting ApiGatewayApplication v0.0.1-SNAPSHOT using Java 21.0.9 on Govind-MacBook-Air.local with PID 85762 (/Users/govind/MyWork/Study Pack/Pixel clone /MicroServicesProject/api_gateway/target/api_gateway-0.0.1-SNAPSHOT.jar started by govind in /Users/govind/MyWork/Study Pack/Pixel clone /MicroServicesProject)
2025-11-25 23:17:33.100  INFO 85762 --- [           main] com.api_gateway.ApiGatewayApplication    : No active profile set, falling back to 1 default profile: "default"
2025-11-25 23:17:33.528  INFO 85762 --- [           main] o.s.cloud.context.scope.GenericScope     : BeanFactory id=e465e06d-eb78-37dc-9e0d-3898adcd06a5
2025-11-25 23:17:33.569  INFO 85762 --- [           main] trationDelegate$BeanPostProcessorChecker : Bean 'org.springframework.cloud.client.loadbalancer.reactive.LoadBalancerBeanPostProcessorAutoConfiguration' of type [org.springframework.cloud.client.loadbalancer.reactive.LoadBalancerBeanPostProcessorAutoConfiguration] is not eligible for getting processed by all BeanPostProcessors (for example: not eligible for auto-proxying)
2025-11-25 23:17:33.569  INFO 85762 --- [           main] trationDelegate$BeanPostProcessorChecker : Bean 'org.springframework.cloud.client.loadbalancer.reactive.LoadBalancerBeanPostProcessorAutoConfiguration$ReactorDeferringLoadBalancerFilterConfig' of type [org.springframework.cloud.client.loadbalancer.reactive.LoadBalancerBeanPostProcessorAutoConfiguration$ReactorDeferringLoadBalancerFilterConfig] is not eligible for getting processed by all BeanPostProcessors (for example: not eligible for auto-proxying)
2025-11-25 23:17:33.570  INFO 85762 --- [           main] trationDelegate$BeanPostProcessorChecker : Bean 'reactorDeferringLoadBalancerExchangeFilterFunction' of type [org.springframework.cloud.client.loadbalancer.reactive.DeferringLoadBalancerExchangeFilterFunction] is not eligible for getting processed by all BeanPostProcessors (for example: not eligible for auto-proxying)
2025-11-25 23:17:33.884  INFO 85762 --- [           main] o.s.c.g.r.RouteDefinitionRouteLocator    : Loaded RoutePredicateFactory [After]
2025-11-25 23:17:33.884  INFO 85762 --- [           main] o.s.c.g.r.RouteDefinitionRouteLocator    : Loaded RoutePredicateFactory [Before]
2025-11-25 23:17:33.884  INFO 85762 --- [           main] o.s.c.g.r.RouteDefinitionRouteLocator    : Loaded RoutePredicateFactory [Between]
2025-11-25 23:17:33.885  INFO 85762 --- [           main] o.s.c.g.r.RouteDefinitionRouteLocator    : Loaded RoutePredicateFactory [Cookie]
2025-11-25 23:17:33.885  INFO 85762 --- [           main] o.s.c.g.r.RouteDefinitionRouteLocator    : Loaded RoutePredicateFactory [Header]
2025-11-25 23:17:33.885  INFO 85762 --- [           main] o.s.c.g.r.RouteDefinitionRouteLocator    : Loaded RoutePredicateFactory [Host]
2025-11-25 23:17:33.885  INFO 85762 --- [           main] o.s.c.g.r.RouteDefinitionRouteLocator    : Loaded RoutePredicateFactory [Method]
2025-11-25 23:17:33.885  INFO 85762 --- [           main] o.s.c.g.r.RouteDefinitionRouteLocator    : Loaded RoutePredicateFactory [Path]
2025-11-25 23:17:33.885  INFO 85762 --- [           main] o.s.c.g.r.RouteDefinitionRouteLocator    : Loaded RoutePredicateFactory [Query]
2025-11-25 23:17:33.885  INFO 85762 --- [           main] o.s.c.g.r.RouteDefinitionRouteLocator    : Loaded RoutePredicateFactory [ReadBody]
2025-11-25 23:17:33.885  INFO 85762 --- [           main] o.s.c.g.r.RouteDefinitionRouteLocator    : Loaded RoutePredicateFactory [RemoteAddr]
2025-11-25 23:17:33.885  INFO 85762 --- [           main] o.s.c.g.r.RouteDefinitionRouteLocator    : Loaded RoutePredicateFactory [XForwardedRemoteAddr]
2025-11-25 23:17:33.885  INFO 85762 --- [           main] o.s.c.g.r.RouteDefinitionRouteLocator    : Loaded RoutePredicateFactory [Weight]
2025-11-25 23:17:33.885  INFO 85762 --- [           main] o.s.c.g.r.RouteDefinitionRouteLocator    : Loaded RoutePredicateFactory [CloudFoundryRouteService]
2025-11-25 23:17:33.978  INFO 85762 --- [           main] DiscoveryClientOptionalArgsConfiguration : Eureka HTTP Client uses RestTemplate.
2025-11-25 23:17:34.030  WARN 85762 --- [           main] iguration$LoadBalancerCaffeineWarnLogger : Spring Cloud LoadBalancer is currently working with the default cache. While this cache implementation is useful for development and tests, it's recommended to use Caffeine cache in production.You can switch to using Caffeine cache, by adding it and org.springframework.cache.caffeine.CaffeineCacheManager to the classpath.
2025-11-25 23:17:34.041  INFO 85762 --- [           main] o.s.c.n.eureka.InstanceInfoFactory       : Setting initial instance status as: STARTING
2025-11-25 23:17:34.108  INFO 85762 --- [           main] com.netflix.discovery.DiscoveryClient    : Initializing Eureka in region us-east-1
2025-11-25 23:17:34.111  INFO 85762 --- [           main] c.n.d.s.r.aws.ConfigClusterResolver      : Resolving eureka endpoints via configuration
2025-11-25 23:17:34.122  INFO 85762 --- [           main] com.netflix.discovery.DiscoveryClient    : Disable delta property : false
2025-11-25 23:17:34.122  INFO 85762 --- [           main] com.netflix.discovery.DiscoveryClient    : Single vip registry refresh property : null
2025-11-25 23:17:34.122  INFO 85762 --- [           main] com.netflix.discovery.DiscoveryClient    : Force full registry fetch : false
2025-11-25 23:17:34.122  INFO 85762 --- [           main] com.netflix.discovery.DiscoveryClient    : Application is null : false
2025-11-25 23:17:34.122  INFO 85762 --- [           main] com.netflix.discovery.DiscoveryClient    : Registered Applications size is zero : true
2025-11-25 23:17:34.122  INFO 85762 --- [           main] com.netflix.discovery.DiscoveryClient    : Application version is -1: true
2025-11-25 23:17:34.122  INFO 85762 --- [           main] com.netflix.discovery.DiscoveryClient    : Getting all instance registry info from the eureka server
2025-11-25 23:17:34.309  INFO 85762 --- [           main] com.netflix.discovery.DiscoveryClient    : The response status is 200
2025-11-25 23:17:34.310  INFO 85762 --- [           main] com.netflix.discovery.DiscoveryClient    : Starting heartbeat executor: renew interval is: 30
2025-11-25 23:17:34.311  INFO 85762 --- [           main] c.n.discovery.InstanceInfoReplicator     : InstanceInfoReplicator onDemand update allowed rate per min is 4
2025-11-25 23:17:34.313  INFO 85762 --- [           main] com.netflix.discovery.DiscoveryClient    : Discovery Client initialized at timestamp 1764092854313 with initial instances count: 0
2025-11-25 23:17:34.314  INFO 85762 --- [           main] o.s.c.n.e.s.EurekaServiceRegistry        : Registering application API-GATEWAY with eureka with status UP
2025-11-25 23:17:34.314  INFO 85762 --- [           main] com.netflix.discovery.DiscoveryClient    : Saw local status change event StatusChangeEvent [timestamp=1764092854314, current=UP, previous=STARTING]
2025-11-25 23:17:34.314  INFO 85762 --- [nfoReplicator-0] com.netflix.discovery.DiscoveryClient    : DiscoveryClient_API-GATEWAY/10.94.85.15:api-gateway:8081: registering service...
2025-11-25 23:17:34.338  INFO 85762 --- [nfoReplicator-0] com.netflix.discovery.DiscoveryClient    : DiscoveryClient_API-GATEWAY/10.94.85.15:api-gateway:8081 - registration status: 204
2025-11-25 23:17:34.368  INFO 85762 --- [           main] o.s.b.web.embedded.netty.NettyWebServer  : Netty started on port 8081
2025-11-25 23:17:34.369  INFO 85762 --- [           main] .s.c.n.e.s.EurekaAutoServiceRegistration : Updating port to 8081
2025-11-25 23:17:34.381  INFO 85762 --- [           main] com.api_gateway.ApiGatewayApplication    : Started ApiGatewayApplication in 7.003 seconds (JVM running for 7.967)
Api Gate way
2025-11-25 23:18:04.316  INFO 85762 --- [freshExecutor-0] com.netflix.discovery.DiscoveryClient    : Disable delta property : false
2025-11-25 23:18:04.318  INFO 85762 --- [freshExecutor-0] com.netflix.discovery.DiscoveryClient    : Single vip registry refresh property : null
2025-11-25 23:18:04.318  INFO 85762 --- [freshExecutor-0] com.netflix.discovery.DiscoveryClient    : Force full registry fetch : false
2025-11-25 23:18:04.318  INFO 85762 --- [freshExecutor-0] com.netflix.discovery.DiscoveryClient    : Application is null : false
2025-11-25 23:18:04.318  INFO 85762 --- [freshExecutor-0] com.netflix.discovery.DiscoveryClient    : Registered Applications size is zero : true
2025-11-25 23:18:04.318  INFO 85762 --- [freshExecutor-0] com.netflix.discovery.DiscoveryClient    : Application version is -1: false
2025-11-25 23:18:04.318  INFO 85762 --- [freshExecutor-0] com.netflix.discovery.DiscoveryClient    : Getting all instance registry info from the eureka server
2025-11-25 23:18:04.346  INFO 85762 --- [freshExecutor-0] com.netflix.discovery.DiscoveryClient    : The response status is 200
2025-11-25 23:22:34.128  INFO 85762 --- [trap-executor-0] c.n.d.s.r.aws.ConfigClusterResolver      : Resolving eureka endpoints via configuration
2025-11-25 23:27:34.132  INFO 85762 --- [trap-executor-0] c.n.d.s.r.aws.ConfigClusterResolver      : Resolving eureka endpoints via configuration
