
  .   ____          _            __ _ _
 /\\ / ___'_ __ _ _(_)_ __  __ _ \ \ \ \
( ( )\___ | '_ | '_| | '_ \/ _` | \ \ \ \
 \\/  ___)| |_)| | | | | || (_| |  ) ) ) )
  '  |____| .__|_| |_|_| |_\__, | / / / /
 =========|_|==============|___/=/_/_/_/

 :: Spring Boot ::                (v4.0.0)

2025-11-25T23:17:28.043+05:30  INFO 85746 --- [auth-service] [           main] com.authservice.AuthserviceApplication   : Starting AuthserviceApplication v0.0.1-SNAPSHOT using Java 21.0.9 with PID 85746 (/Users/govind/MyWork/Study Pack/Pixel clone /MicroServicesProject/authservice/target/authservice-0.0.1-SNAPSHOT.jar started by govind in /Users/govind/MyWork/Study Pack/Pixel clone /MicroServicesProject)
2025-11-25T23:17:28.069+05:30  INFO 85746 --- [auth-service] [           main] com.authservice.AuthserviceApplication   : No active profile set, falling back to 1 default profile: "default"
2025-11-25T23:17:29.099+05:30  INFO 85746 --- [auth-service] [           main] o.s.cloud.context.scope.GenericScope     : BeanFactory id=706c69d2-1813-39e1-9cb6-b6535e90d0c2
2025-11-25T23:17:29.387+05:30  INFO 85746 --- [auth-service] [           main] o.s.boot.tomcat.TomcatWebServer          : Tomcat initialized with port 8084 (http)
2025-11-25T23:17:29.403+05:30  INFO 85746 --- [auth-service] [           main] o.apache.catalina.core.StandardService   : Starting service [Tomcat]
2025-11-25T23:17:29.403+05:30  INFO 85746 --- [auth-service] [           main] o.apache.catalina.core.StandardEngine    : Starting Servlet engine: [Apache Tomcat/11.0.14]
2025-11-25T23:17:29.424+05:30  INFO 85746 --- [auth-service] [           main] b.w.c.s.WebApplicationContextInitializer : Root WebApplicationContext: initialization completed in 1305 ms
2025-11-25T23:17:30.203+05:30  INFO 85746 --- [auth-service] [           main] DiscoveryClientOptionalArgsConfiguration : Eureka HTTP Client uses RestClient.
2025-11-25T23:17:30.277+05:30  WARN 85746 --- [auth-service] [           main] iguration$LoadBalancerCaffeineWarnLogger : Spring Cloud LoadBalancer is currently working with the default cache. While this cache implementation is useful for development and tests, it's recommended to use Caffeine cache in production.You can switch to using Caffeine cache, by adding it and org.springframework.cache.caffeine.CaffeineCacheManager to the classpath.
2025-11-25T23:17:30.312+05:30  INFO 85746 --- [auth-service] [           main] o.s.c.n.eureka.InstanceInfoFactory       : Setting initial instance status as: STARTING
2025-11-25T23:17:30.356+05:30  INFO 85746 --- [auth-service] [           main] com.netflix.discovery.DiscoveryClient    : Initializing Eureka in region us-east-1
2025-11-25T23:17:30.358+05:30  INFO 85746 --- [auth-service] [           main] c.n.d.s.r.aws.ConfigClusterResolver      : Resolving eureka endpoints via configuration
2025-11-25T23:17:30.366+05:30  INFO 85746 --- [auth-service] [           main] com.netflix.discovery.DiscoveryClient    : Disable delta property : false
2025-11-25T23:17:30.367+05:30  INFO 85746 --- [auth-service] [           main] com.netflix.discovery.DiscoveryClient    : Single vip registry refresh property : null
2025-11-25T23:17:30.367+05:30  INFO 85746 --- [auth-service] [           main] com.netflix.discovery.DiscoveryClient    : Force full registry fetch : false
2025-11-25T23:17:30.367+05:30  INFO 85746 --- [auth-service] [           main] com.netflix.discovery.DiscoveryClient    : Application is null : false
2025-11-25T23:17:30.367+05:30  INFO 85746 --- [auth-service] [           main] com.netflix.discovery.DiscoveryClient    : Registered Applications size is zero : true
2025-11-25T23:17:30.367+05:30  INFO 85746 --- [auth-service] [           main] com.netflix.discovery.DiscoveryClient    : Application version is -1: true
2025-11-25T23:17:30.367+05:30  INFO 85746 --- [auth-service] [           main] com.netflix.discovery.DiscoveryClient    : Getting all instance registry info from the eureka server
2025-11-25T23:17:30.825+05:30  INFO 85746 --- [auth-service] [           main] com.netflix.discovery.DiscoveryClient    : The response status is 200
2025-11-25T23:17:30.826+05:30  INFO 85746 --- [auth-service] [           main] com.netflix.discovery.DiscoveryClient    : Starting heartbeat executor: renew interval is: 30
2025-11-25T23:17:30.827+05:30  INFO 85746 --- [auth-service] [           main] c.n.discovery.InstanceInfoReplicator     : InstanceInfoReplicator onDemand update allowed rate per min is 4
2025-11-25T23:17:30.827+05:30  INFO 85746 --- [auth-service] [           main] com.netflix.discovery.DiscoveryClient    : Discovery Client initialized at timestamp 1764092850827 with initial instances count: 0
2025-11-25T23:17:30.829+05:30  INFO 85746 --- [auth-service] [           main] o.s.c.n.e.s.EurekaServiceRegistry        : Registering application AUTH-SERVICE with eureka with status UP
2025-11-25T23:17:30.829+05:30  INFO 85746 --- [auth-service] [           main] com.netflix.discovery.DiscoveryClient    : Saw local status change event StatusChangeEvent [timestamp=1764092850829, current=UP, previous=STARTING]
2025-11-25T23:17:30.830+05:30  INFO 85746 --- [auth-service] [foReplicator-%d] com.netflix.discovery.DiscoveryClient    : DiscoveryClient_AUTH-SERVICE/10.94.85.15:auth-service:8084: registering service...
2025-11-25T23:17:30.838+05:30  INFO 85746 --- [auth-service] [           main] o.s.boot.tomcat.TomcatWebServer          : Tomcat started on port 8084 (http) with context path '/'
2025-11-25T23:17:30.840+05:30  INFO 85746 --- [auth-service] [           main] .s.c.n.e.s.EurekaAutoServiceRegistration : Updating port to 8084
2025-11-25T23:17:30.851+05:30  INFO 85746 --- [auth-service] [           main] com.authservice.AuthserviceApplication   : Started AuthserviceApplication in 3.534 seconds (process running for 4.454)
Auth service 
2025-11-25T23:17:30.868+05:30  INFO 85746 --- [auth-service] [foReplicator-%d] com.netflix.discovery.DiscoveryClient    : DiscoveryClient_AUTH-SERVICE/10.94.85.15:auth-service:8084 - registration status: 204
2025-11-25T23:18:00.831+05:30  INFO 85746 --- [auth-service] [reshExecutor-%d] com.netflix.discovery.DiscoveryClient    : Disable delta property : false
2025-11-25T23:18:00.832+05:30  INFO 85746 --- [auth-service] [reshExecutor-%d] com.netflix.discovery.DiscoveryClient    : Single vip registry refresh property : null
2025-11-25T23:18:00.832+05:30  INFO 85746 --- [auth-service] [reshExecutor-%d] com.netflix.discovery.DiscoveryClient    : Force full registry fetch : false
2025-11-25T23:18:00.832+05:30  INFO 85746 --- [auth-service] [reshExecutor-%d] com.netflix.discovery.DiscoveryClient    : Application is null : false
2025-11-25T23:18:00.832+05:30  INFO 85746 --- [auth-service] [reshExecutor-%d] com.netflix.discovery.DiscoveryClient    : Registered Applications size is zero : true
2025-11-25T23:18:00.832+05:30  INFO 85746 --- [auth-service] [reshExecutor-%d] com.netflix.discovery.DiscoveryClient    : Application version is -1: false
2025-11-25T23:18:00.832+05:30  INFO 85746 --- [auth-service] [reshExecutor-%d] com.netflix.discovery.DiscoveryClient    : Getting all instance registry info from the eureka server
2025-11-25T23:18:00.845+05:30  INFO 85746 --- [auth-service] [reshExecutor-%d] com.netflix.discovery.DiscoveryClient    : The response status is 200
2025-11-25T23:22:30.368+05:30  INFO 85746 --- [auth-service] [rap-executor-%d] c.n.d.s.r.aws.ConfigClusterResolver      : Resolving eureka endpoints via configuration
2025-11-25T23:27:30.372+05:30  INFO 85746 --- [auth-service] [rap-executor-%d] c.n.d.s.r.aws.ConfigClusterResolver      : Resolving eureka endpoints via configuration
