
  .   ____          _            __ _ _
 /\\ / ___'_ __ _ _(_)_ __  __ _ \ \ \ \
( ( )\___ | '_ | '_| | '_ \/ _` | \ \ \ \
 \\/  ___)| |_)| | | | | || (_| |  ) ) ) )
  '  |____| .__|_| |_|_| |_\__, | / / / /
 =========|_|==============|___/=/_/_/_/

 :: Spring Boot ::                (v4.0.0)

2025-11-25T23:17:27.829+05:30  INFO 85758 --- [comment-service] [           main] c.c.CommentserviceApplication            : Starting CommentserviceApplication v0.0.1-SNAPSHOT using Java 21.0.9 with PID 85758 (/Users/govind/MyWork/Study Pack/Pixel clone /MicroServicesProject/commentservice/target/commentservice-0.0.1-SNAPSHOT.jar started by govind in /Users/govind/MyWork/Study Pack/Pixel clone /MicroServicesProject)
2025-11-25T23:17:27.832+05:30  INFO 85758 --- [comment-service] [           main] c.c.CommentserviceApplication            : No active profile set, falling back to 1 default profile: "default"
2025-11-25T23:17:28.951+05:30  INFO 85758 --- [comment-service] [           main] o.s.cloud.context.scope.GenericScope     : BeanFactory id=0af6f849-9d38-34b9-931c-af5013d87ea6
2025-11-25T23:17:29.280+05:30  INFO 85758 --- [comment-service] [           main] o.s.boot.tomcat.TomcatWebServer          : Tomcat initialized with port 8086 (http)
2025-11-25T23:17:29.289+05:30  INFO 85758 --- [comment-service] [           main] o.apache.catalina.core.StandardService   : Starting service [Tomcat]
2025-11-25T23:17:29.289+05:30  INFO 85758 --- [comment-service] [           main] o.apache.catalina.core.StandardEngine    : Starting Servlet engine: [Apache Tomcat/11.0.14]
2025-11-25T23:17:29.307+05:30  INFO 85758 --- [comment-service] [           main] b.w.c.s.WebApplicationContextInitializer : Root WebApplicationContext: initialization completed in 1256 ms
2025-11-25T23:17:29.998+05:30  INFO 85758 --- [comment-service] [           main] DiscoveryClientOptionalArgsConfiguration : Eureka HTTP Client uses RestClient.
2025-11-25T23:17:30.105+05:30  WARN 85758 --- [comment-service] [           main] iguration$LoadBalancerCaffeineWarnLogger : Spring Cloud LoadBalancer is currently working with the default cache. While this cache implementation is useful for development and tests, it's recommended to use Caffeine cache in production.You can switch to using Caffeine cache, by adding it and org.springframework.cache.caffeine.CaffeineCacheManager to the classpath.
2025-11-25T23:17:30.153+05:30  INFO 85758 --- [comment-service] [           main] o.s.c.n.eureka.InstanceInfoFactory       : Setting initial instance status as: STARTING
2025-11-25T23:17:30.172+05:30  INFO 85758 --- [comment-service] [           main] com.netflix.discovery.DiscoveryClient    : Initializing Eureka in region us-east-1
2025-11-25T23:17:30.176+05:30  INFO 85758 --- [comment-service] [           main] c.n.d.s.r.aws.ConfigClusterResolver      : Resolving eureka endpoints via configuration
2025-11-25T23:17:30.186+05:30  INFO 85758 --- [comment-service] [           main] com.netflix.discovery.DiscoveryClient    : Disable delta property : false
2025-11-25T23:17:30.186+05:30  INFO 85758 --- [comment-service] [           main] com.netflix.discovery.DiscoveryClient    : Single vip registry refresh property : null
2025-11-25T23:17:30.186+05:30  INFO 85758 --- [comment-service] [           main] com.netflix.discovery.DiscoveryClient    : Force full registry fetch : false
2025-11-25T23:17:30.186+05:30  INFO 85758 --- [comment-service] [           main] com.netflix.discovery.DiscoveryClient    : Application is null : false
2025-11-25T23:17:30.186+05:30  INFO 85758 --- [comment-service] [           main] com.netflix.discovery.DiscoveryClient    : Registered Applications size is zero : true
2025-11-25T23:17:30.186+05:30  INFO 85758 --- [comment-service] [           main] com.netflix.discovery.DiscoveryClient    : Application version is -1: true
2025-11-25T23:17:30.186+05:30  INFO 85758 --- [comment-service] [           main] com.netflix.discovery.DiscoveryClient    : Getting all instance registry info from the eureka server
2025-11-25T23:17:30.742+05:30  INFO 85758 --- [comment-service] [           main] com.netflix.discovery.DiscoveryClient    : The response status is 200
2025-11-25T23:17:30.742+05:30  INFO 85758 --- [comment-service] [           main] com.netflix.discovery.DiscoveryClient    : Starting heartbeat executor: renew interval is: 30
2025-11-25T23:17:30.743+05:30  INFO 85758 --- [comment-service] [           main] c.n.discovery.InstanceInfoReplicator     : InstanceInfoReplicator onDemand update allowed rate per min is 4
2025-11-25T23:17:30.744+05:30  INFO 85758 --- [comment-service] [           main] com.netflix.discovery.DiscoveryClient    : Discovery Client initialized at timestamp 1764092850744 with initial instances count: 0
2025-11-25T23:17:30.746+05:30  INFO 85758 --- [comment-service] [           main] o.s.c.n.e.s.EurekaServiceRegistry        : Registering application COMMENT-SERVICE with eureka with status UP
2025-11-25T23:17:30.746+05:30  INFO 85758 --- [comment-service] [           main] com.netflix.discovery.DiscoveryClient    : Saw local status change event StatusChangeEvent [timestamp=1764092850746, current=UP, previous=STARTING]
2025-11-25T23:17:30.747+05:30  INFO 85758 --- [comment-service] [foReplicator-%d] com.netflix.discovery.DiscoveryClient    : DiscoveryClient_COMMENT-SERVICE/10.94.85.15:comment-service:8086: registering service...
2025-11-25T23:17:30.757+05:30  INFO 85758 --- [comment-service] [           main] o.s.boot.tomcat.TomcatWebServer          : Tomcat started on port 8086 (http) with context path '/'
2025-11-25T23:17:30.758+05:30  INFO 85758 --- [comment-service] [           main] .s.c.n.e.s.EurekaAutoServiceRegistration : Updating port to 8086
2025-11-25T23:17:30.783+05:30  INFO 85758 --- [comment-service] [           main] c.c.CommentserviceApplication            : Started CommentserviceApplication in 3.457 seconds (process running for 4.371)
2025-11-25T23:17:30.835+05:30  INFO 85758 --- [comment-service] [foReplicator-%d] com.netflix.discovery.DiscoveryClient    : DiscoveryClient_COMMENT-SERVICE/10.94.85.15:comment-service:8086 - registration status: 204
2025-11-25T23:18:00.746+05:30  INFO 85758 --- [comment-service] [reshExecutor-%d] com.netflix.discovery.DiscoveryClient    : Disable delta property : false
2025-11-25T23:18:00.747+05:30  INFO 85758 --- [comment-service] [reshExecutor-%d] com.netflix.discovery.DiscoveryClient    : Single vip registry refresh property : null
2025-11-25T23:18:00.747+05:30  INFO 85758 --- [comment-service] [reshExecutor-%d] com.netflix.discovery.DiscoveryClient    : Force full registry fetch : false
2025-11-25T23:18:00.750+05:30  INFO 85758 --- [comment-service] [reshExecutor-%d] com.netflix.discovery.DiscoveryClient    : Application is null : false
2025-11-25T23:18:00.750+05:30  INFO 85758 --- [comment-service] [reshExecutor-%d] com.netflix.discovery.DiscoveryClient    : Registered Applications size is zero : true
2025-11-25T23:18:00.750+05:30  INFO 85758 --- [comment-service] [reshExecutor-%d] com.netflix.discovery.DiscoveryClient    : Application version is -1: false
2025-11-25T23:18:00.750+05:30  INFO 85758 --- [comment-service] [reshExecutor-%d] com.netflix.discovery.DiscoveryClient    : Getting all instance registry info from the eureka server
2025-11-25T23:18:00.776+05:30  INFO 85758 --- [comment-service] [reshExecutor-%d] com.netflix.discovery.DiscoveryClient    : The response status is 200
2025-11-25T23:18:02.581+05:30  INFO 85758 --- [comment-service] [nio-8086-exec-1] o.a.c.c.C.[Tomcat].[localhost].[/]       : Initializing Spring DispatcherServlet 'dispatcherServlet'
2025-11-25T23:18:02.581+05:30  INFO 85758 --- [comment-service] [nio-8086-exec-1] o.s.web.servlet.DispatcherServlet        : Initializing Servlet 'dispatcherServlet'
2025-11-25T23:18:02.581+05:30  INFO 85758 --- [comment-service] [nio-8086-exec-1] o.s.web.servlet.DispatcherServlet        : Completed initialization in 0 ms
Hello from comment service
Hello from comment service
2025-11-25T23:22:30.191+05:30  INFO 85758 --- [comment-service] [rap-executor-%d] c.n.d.s.r.aws.ConfigClusterResolver      : Resolving eureka endpoints via configuration
Hello from comment service
2025-11-25T23:27:30.196+05:30  INFO 85758 --- [comment-service] [rap-executor-%d] c.n.d.s.r.aws.ConfigClusterResolver      : Resolving eureka endpoints via configuration
