
  .   ____          _            __ _ _
 /\\ / ___'_ __ _ _(_)_ __  __ _ \ \ \ \
( ( )\___ | '_ | '_| | '_ \/ _` | \ \ \ \
 \\/  ___)| |_)| | | | | || (_| |  ) ) ) )
  '  |____| .__|_| |_|_| |_\__, | / / / /
 =========|_|==============|___/=/_/_/_/

 :: Spring Boot ::                (v4.0.0)

2025-11-25T23:17:28.071+05:30  INFO 85750 --- [user-service] [           main] com.userservice.UserserviceApplication   : Starting UserserviceApplication v0.0.1-SNAPSHOT using Java 21.0.9 with PID 85750 (/Users/govind/MyWork/Study Pack/Pixel clone /MicroServicesProject/userservice/target/userservice-0.0.1-SNAPSHOT.jar started by govind in /Users/govind/MyWork/Study Pack/Pixel clone /MicroServicesProject)
2025-11-25T23:17:28.076+05:30  INFO 85750 --- [user-service] [           main] com.userservice.UserserviceApplication   : No active profile set, falling back to 1 default profile: "default"
2025-11-25T23:17:29.029+05:30  INFO 85750 --- [user-service] [           main] o.s.cloud.context.scope.GenericScope     : BeanFactory id=588f8dbd-b739-3720-ac52-aeb34670e93b
2025-11-25T23:17:29.330+05:30  INFO 85750 --- [user-service] [           main] o.s.boot.tomcat.TomcatWebServer          : Tomcat initialized with port 8082 (http)
2025-11-25T23:17:29.340+05:30  INFO 85750 --- [user-service] [           main] o.apache.catalina.core.StandardService   : Starting service [Tomcat]
2025-11-25T23:17:29.341+05:30  INFO 85750 --- [user-service] [           main] o.apache.catalina.core.StandardEngine    : Starting Servlet engine: [Apache Tomcat/11.0.14]
2025-11-25T23:17:29.362+05:30  INFO 85750 --- [user-service] [           main] b.w.c.s.WebApplicationContextInitializer : Root WebApplicationContext: initialization completed in 1187 ms
2025-11-25T23:17:30.159+05:30  INFO 85750 --- [user-service] [           main] DiscoveryClientOptionalArgsConfiguration : Eureka HTTP Client uses RestClient.
2025-11-25T23:17:30.222+05:30  WARN 85750 --- [user-service] [           main] iguration$LoadBalancerCaffeineWarnLogger : Spring Cloud LoadBalancer is currently working with the default cache. While this cache implementation is useful for development and tests, it's recommended to use Caffeine cache in production.You can switch to using Caffeine cache, by adding it and org.springframework.cache.caffeine.CaffeineCacheManager to the classpath.
2025-11-25T23:17:30.242+05:30  INFO 85750 --- [user-service] [           main] o.s.c.n.eureka.InstanceInfoFactory       : Setting initial instance status as: STARTING
2025-11-25T23:17:30.269+05:30  INFO 85750 --- [user-service] [           main] com.netflix.discovery.DiscoveryClient    : Initializing Eureka in region us-east-1
2025-11-25T23:17:30.273+05:30  INFO 85750 --- [user-service] [           main] c.n.d.s.r.aws.ConfigClusterResolver      : Resolving eureka endpoints via configuration
2025-11-25T23:17:30.282+05:30  INFO 85750 --- [user-service] [           main] com.netflix.discovery.DiscoveryClient    : Disable delta property : false
2025-11-25T23:17:30.282+05:30  INFO 85750 --- [user-service] [           main] com.netflix.discovery.DiscoveryClient    : Single vip registry refresh property : null
2025-11-25T23:17:30.282+05:30  INFO 85750 --- [user-service] [           main] com.netflix.discovery.DiscoveryClient    : Force full registry fetch : false
2025-11-25T23:17:30.282+05:30  INFO 85750 --- [user-service] [           main] com.netflix.discovery.DiscoveryClient    : Application is null : false
2025-11-25T23:17:30.282+05:30  INFO 85750 --- [user-service] [           main] com.netflix.discovery.DiscoveryClient    : Registered Applications size is zero : true
2025-11-25T23:17:30.282+05:30  INFO 85750 --- [user-service] [           main] com.netflix.discovery.DiscoveryClient    : Application version is -1: true
2025-11-25T23:17:30.282+05:30  INFO 85750 --- [user-service] [           main] com.netflix.discovery.DiscoveryClient    : Getting all instance registry info from the eureka server
2025-11-25T23:17:30.739+05:30  INFO 85750 --- [user-service] [           main] com.netflix.discovery.DiscoveryClient    : The response status is 200
2025-11-25T23:17:30.740+05:30  INFO 85750 --- [user-service] [           main] com.netflix.discovery.DiscoveryClient    : Starting heartbeat executor: renew interval is: 30
2025-11-25T23:17:30.742+05:30  INFO 85750 --- [user-service] [           main] c.n.discovery.InstanceInfoReplicator     : InstanceInfoReplicator onDemand update allowed rate per min is 4
2025-11-25T23:17:30.744+05:30  INFO 85750 --- [user-service] [           main] com.netflix.discovery.DiscoveryClient    : Discovery Client initialized at timestamp 1764092850743 with initial instances count: 0
2025-11-25T23:17:30.748+05:30  INFO 85750 --- [user-service] [           main] o.s.c.n.e.s.EurekaServiceRegistry        : Registering application USER-SERVICE with eureka with status UP
2025-11-25T23:17:30.748+05:30  INFO 85750 --- [user-service] [           main] com.netflix.discovery.DiscoveryClient    : Saw local status change event StatusChangeEvent [timestamp=1764092850748, current=UP, previous=STARTING]
2025-11-25T23:17:30.749+05:30  INFO 85750 --- [user-service] [foReplicator-%d] com.netflix.discovery.DiscoveryClient    : DiscoveryClient_USER-SERVICE/10.94.85.15:user-service:8082: registering service...
2025-11-25T23:17:30.763+05:30  INFO 85750 --- [user-service] [           main] o.s.boot.tomcat.TomcatWebServer          : Tomcat started on port 8082 (http) with context path '/'
2025-11-25T23:17:30.763+05:30  INFO 85750 --- [user-service] [           main] .s.c.n.e.s.EurekaAutoServiceRegistration : Updating port to 8082
2025-11-25T23:17:30.817+05:30  INFO 85750 --- [user-service] [           main] com.userservice.UserserviceApplication   : Started UserserviceApplication in 3.523 seconds (process running for 4.417)
User Service 
2025-11-25T23:17:30.835+05:30  INFO 85750 --- [user-service] [foReplicator-%d] com.netflix.discovery.DiscoveryClient    : DiscoveryClient_USER-SERVICE/10.94.85.15:user-service:8082 - registration status: 204
2025-11-25T23:18:00.744+05:30  INFO 85750 --- [user-service] [reshExecutor-%d] com.netflix.discovery.DiscoveryClient    : Disable delta property : false
2025-11-25T23:18:00.746+05:30  INFO 85750 --- [user-service] [reshExecutor-%d] com.netflix.discovery.DiscoveryClient    : Single vip registry refresh property : null
2025-11-25T23:18:00.747+05:30  INFO 85750 --- [user-service] [reshExecutor-%d] com.netflix.discovery.DiscoveryClient    : Force full registry fetch : false
2025-11-25T23:18:00.747+05:30  INFO 85750 --- [user-service] [reshExecutor-%d] com.netflix.discovery.DiscoveryClient    : Application is null : false
2025-11-25T23:18:00.747+05:30  INFO 85750 --- [user-service] [reshExecutor-%d] com.netflix.discovery.DiscoveryClient    : Registered Applications size is zero : true
2025-11-25T23:18:00.748+05:30  INFO 85750 --- [user-service] [reshExecutor-%d] com.netflix.discovery.DiscoveryClient    : Application version is -1: false
2025-11-25T23:18:00.748+05:30  INFO 85750 --- [user-service] [reshExecutor-%d] com.netflix.discovery.DiscoveryClient    : Getting all instance registry info from the eureka server
2025-11-25T23:18:00.775+05:30  INFO 85750 --- [user-service] [reshExecutor-%d] com.netflix.discovery.DiscoveryClient    : The response status is 200
2025-11-25T23:22:30.289+05:30  INFO 85750 --- [user-service] [rap-executor-%d] c.n.d.s.r.aws.ConfigClusterResolver      : Resolving eureka endpoints via configuration
2025-11-25T23:27:30.292+05:30  INFO 85750 --- [user-service] [rap-executor-%d] c.n.d.s.r.aws.ConfigClusterResolver      : Resolving eureka endpoints via configuration
